processing model  sit_OImon_ACCESS1-0
file:  /data/cmip5/rcp/rcp8.5/new_sit/sit_OImon_ACCESS1-0_rcp85_r1i1p1_200601-210012.nc r1i1p1
processing model  sit_OImon_ACCESS1-3
file:  /data/cmip5/rcp/rcp8.5/new_sit/sit_OImon_ACCESS1-3_rcp85_r1i1p1_200601-210012.nc r1i1p1
processing model  sit_OImon_bcc-csm1-1
file:  /data/cmip5/rcp/rcp8.5/new_sit/sit_OImon_bcc-csm1-1-m_rcp85_r1i1p1_200601-209912.nc r1i1p1
file:  /data/cmip5/rcp/rcp8.5/new_sit/sit_OImon_bcc-csm1-1_rcp85_r1i1p1_200601-209912.nc r1i1p1
file:  /data/cmip5/rcp/rcp8.5/new_sit/sit_OImon_bcc-csm1-1_rcp85_r1i1p1_210001-230012.nc r1i1p1
processing model  sit_OImon_bcc-csm1-1-m
file:  /data/cmip5/rcp/rcp8.5/new_sit/sit_OImon_bcc-csm1-1-m_rcp85_r1i1p1_200601-209912.nc r1i1p1
processing model  sit_OImon_CanESM2
file:  /data/cmip5/rcp/rcp8.5/new_sit/sit_OImon_CanESM2_rcp85_r1i1p1_200601-210012.nc r1i1p1
file:  /data/cmip5/rcp/rcp8.5/new_sit/sit_OImon_CanESM2_rcp85_r2i1p1_200601-210012.nc r2i1p1
file:  /data/cmip5/rcp/rcp8.5/new_sit/sit_OImon_CanESM2_rcp85_r3i1p1_200601-210012.nc r3i1p1
file:  /data/cmip5/rcp/rcp8.5/new_sit/sit_OImon_CanESM2_rcp85_r4i1p1_200601-210012.nc r4i1p1
file:  /data/cmip5/rcp/rcp8.5/new_sit/sit_OImon_CanESM2_rcp85_r5i1p1_200601-210012.nc r5i1p1
processing model  sit_OImon_CCSM4
file:  /data/cmip5/rcp/rcp8.5/new_sit/sit_OImon_CCSM4_rcp85_r1i1p1_200601-210012.nc r1i1p1
file:  /data/cmip5/rcp/rcp8.5/new_sit/sit_OImon_CCSM4_rcp85_r1i1p1_210101-230012.nc r1i1p1
file:  /data/cmip5/rcp/rcp8.5/new_sit/sit_OImon_CCSM4_rcp85_r2i1p1_200601-210012.nc r2i1p1
file:  /data/cmip5/rcp/rcp8.5/new_sit/sit_OImon_CCSM4_rcp85_r3i1p1_200601-210012.nc r3i1p1
file:  /data/cmip5/rcp/rcp8.5/new_sit/sit_OImon_CCSM4_rcp85_r4i1p1_200601-210012.nc r4i1p1
file:  /data/cmip5/rcp/rcp8.5/new_sit/sit_OImon_CCSM4_rcp85_r5i1p1_200601-210012.nc r5i1p1
file:  /data/cmip5/rcp/rcp8.5/new_sit/sit_OImon_CCSM4_rcp85_r6i1p1_200601-210012.nc r6i1p1
processing model  sit_OImon_CESM1-BGC
file:  /data/cmip5/rcp/rcp8.5/new_sit/sit_OImon_CESM1-BGC_rcp85_r1i1p1_200601-210012.nc r1i1p1
processing model  sit_OImon_CESM1-CAM5
file:  /data/cmip5/rcp/rcp8.5/new_sit/sit_OImon_CESM1-CAM5_rcp85_r1i1p1_200601-210012.nc r1i1p1
file:  /data/cmip5/rcp/rcp8.5/new_sit/sit_OImon_CESM1-CAM5_rcp85_r2i1p1_200601-210012.nc r2i1p1
file:  /data/cmip5/rcp/rcp8.5/new_sit/sit_OImon_CESM1-CAM5_rcp85_r3i1p1_200601-210012.nc r3i1p1
processing model  sit_OImon_CESM1-WACCM
file:  /data/cmip5/rcp/rcp8.5/new_sit/sit_OImon_CESM1-WACCM_rcp85_r2i1p1_200501-209912.nc r2i1p1
file:  /data/cmip5/rcp/rcp8.5/new_sit/sit_OImon_CESM1-WACCM_rcp85_r3i1p1_200601-205512.nc r3i1p1
file:  /data/cmip5/rcp/rcp8.5/new_sit/sit_OImon_CESM1-WACCM_rcp85_r4i1p1_200601-205012.nc r4i1p1
processing model  sit_OImon_CMCC-CESM
file:  /data/cmip5/rcp/rcp8.5/new_sit/sit_OImon_CMCC-CESM_rcp85_r1i1p1_200601-201012.nc r1i1p1
file:  /data/cmip5/rcp/rcp8.5/new_sit/sit_OImon_CMCC-CESM_rcp85_r1i1p1_201101-201512.nc r1i1p1
file:  /data/cmip5/rcp/rcp8.5/new_sit/sit_OImon_CMCC-CESM_rcp85_r1i1p1_201601-202012.nc r1i1p1
file:  /data/cmip5/rcp/rcp8.5/new_sit/sit_OImon_CMCC-CESM_rcp85_r1i1p1_202101-202512.nc r1i1p1
file:  /data/cmip5/rcp/rcp8.5/new_sit/sit_OImon_CMCC-CESM_rcp85_r1i1p1_202601-203012.nc r1i1p1
file:  /data/cmip5/rcp/rcp8.5/new_sit/sit_OImon_CMCC-CESM_rcp85_r1i1p1_203101-203512.nc r1i1p1
file:  /data/cmip5/rcp/rcp8.5/new_sit/sit_OImon_CMCC-CESM_rcp85_r1i1p1_203601-204012.nc r1i1p1
file:  /data/cmip5/rcp/rcp8.5/new_sit/sit_OImon_CMCC-CESM_rcp85_r1i1p1_204101-204512.nc r1i1p1
file:  /data/cmip5/rcp/rcp8.5/new_sit/sit_OImon_CMCC-CESM_rcp85_r1i1p1_204601-205012.nc r1i1p1
file:  /data/cmip5/rcp/rcp8.5/new_sit/sit_OImon_CMCC-CESM_rcp85_r1i1p1_205101-205512.nc r1i1p1
file:  /data/cmip5/rcp/rcp8.5/new_sit/sit_OImon_CMCC-CESM_rcp85_r1i1p1_205601-206012.nc r1i1p1
file:  /data/cmip5/rcp/rcp8.5/new_sit/sit_OImon_CMCC-CESM_rcp85_r1i1p1_206101-206512.nc r1i1p1
file:  /data/cmip5/rcp/rcp8.5/new_sit/sit_OImon_CMCC-CESM_rcp85_r1i1p1_206601-207012.nc r1i1p1
file:  /data/cmip5/rcp/rcp8.5/new_sit/sit_OImon_CMCC-CESM_rcp85_r1i1p1_207101-207512.nc r1i1p1
file:  /data/cmip5/rcp/rcp8.5/new_sit/sit_OImon_CMCC-CESM_rcp85_r1i1p1_207601-208012.nc r1i1p1
file:  /data/cmip5/rcp/rcp8.5/new_sit/sit_OImon_CMCC-CESM_rcp85_r1i1p1_208101-208512.nc r1i1p1
file:  /data/cmip5/rcp/rcp8.5/new_sit/sit_OImon_CMCC-CESM_rcp85_r1i1p1_208601-209012.nc r1i1p1
file:  /data/cmip5/rcp/rcp8.5/new_sit/sit_OImon_CMCC-CESM_rcp85_r1i1p1_209101-209412.nc r1i1p1
file:  /data/cmip5/rcp/rcp8.5/new_sit/sit_OImon_CMCC-CESM_rcp85_r1i1p1_209501-209512.nc r1i1p1
file:  /data/cmip5/rcp/rcp8.5/new_sit/sit_OImon_CMCC-CESM_rcp85_r1i1p1_209601-209912.nc r1i1p1
file:  /data/cmip5/rcp/rcp8.5/new_sit/sit_OImon_CMCC-CESM_rcp85_r1i1p1_210001-210012.nc r1i1p1
processing model  sit_OImon_CMCC-CM_
file:  /data/cmip5/rcp/rcp8.5/new_sit/sit_OImon_CMCC-CM_rcp85_r1i1p1_200601-201012.nc r1i1p1
file:  /data/cmip5/rcp/rcp8.5/new_sit/sit_OImon_CMCC-CM_rcp85_r1i1p1_201101-202012.nc r1i1p1
file:  /data/cmip5/rcp/rcp8.5/new_sit/sit_OImon_CMCC-CM_rcp85_r1i1p1_202101-203012.nc r1i1p1
file:  /data/cmip5/rcp/rcp8.5/new_sit/sit_OImon_CMCC-CM_rcp85_r1i1p1_203101-204012.nc r1i1p1
file:  /data/cmip5/rcp/rcp8.5/new_sit/sit_OImon_CMCC-CM_rcp85_r1i1p1_204101-205012.nc r1i1p1
file:  /data/cmip5/rcp/rcp8.5/new_sit/sit_OImon_CMCC-CM_rcp85_r1i1p1_205101-206012.nc r1i1p1
file:  /data/cmip5/rcp/rcp8.5/new_sit/sit_OImon_CMCC-CM_rcp85_r1i1p1_206101-207012.nc r1i1p1
file:  /data/cmip5/rcp/rcp8.5/new_sit/sit_OImon_CMCC-CM_rcp85_r1i1p1_207101-208012.nc r1i1p1
file:  /data/cmip5/rcp/rcp8.5/new_sit/sit_OImon_CMCC-CM_rcp85_r1i1p1_208101-209012.nc r1i1p1
file:  /data/cmip5/rcp/rcp8.5/new_sit/sit_OImon_CMCC-CM_rcp85_r1i1p1_209101-210012.nc r1i1p1
processing model  sit_OImon_CMCC-CMS_
file:  /data/cmip5/rcp/rcp8.5/new_sit/sit_OImon_CMCC-CMS_rcp85_r1i1p1_200601-200912.nc r1i1p1
file:  /data/cmip5/rcp/rcp8.5/new_sit/sit_OImon_CMCC-CMS_rcp85_r1i1p1_201001-201912.nc r1i1p1
file:  /data/cmip5/rcp/rcp8.5/new_sit/sit_OImon_CMCC-CMS_rcp85_r1i1p1_202001-202912.nc r1i1p1
file:  /data/cmip5/rcp/rcp8.5/new_sit/sit_OImon_CMCC-CMS_rcp85_r1i1p1_203001-203912.nc r1i1p1
file:  /data/cmip5/rcp/rcp8.5/new_sit/sit_OImon_CMCC-CMS_rcp85_r1i1p1_204001-204912.nc r1i1p1
file:  /data/cmip5/rcp/rcp8.5/new_sit/sit_OImon_CMCC-CMS_rcp85_r1i1p1_205001-205912.nc r1i1p1
file:  /data/cmip5/rcp/rcp8.5/new_sit/sit_OImon_CMCC-CMS_rcp85_r1i1p1_206001-206912.nc r1i1p1
file:  /data/cmip5/rcp/rcp8.5/new_sit/sit_OImon_CMCC-CMS_rcp85_r1i1p1_207001-207912.nc r1i1p1
file:  /data/cmip5/rcp/rcp8.5/new_sit/sit_OImon_CMCC-CMS_rcp85_r1i1p1_208001-208912.nc r1i1p1
file:  /data/cmip5/rcp/rcp8.5/new_sit/sit_OImon_CMCC-CMS_rcp85_r1i1p1_209001-210012.nc r1i1p1
processing model  sit_OImon_CNRM-CM5
file:  /data/cmip5/rcp/rcp8.5/new_sit/sit_OImon_CNRM-CM5_rcp85_r10i1p1_200601-210012.nc r10i1p1
file:  /data/cmip5/rcp/rcp8.5/new_sit/sit_OImon_CNRM-CM5_rcp85_r1i1p1_200601-210012.nc r1i1p1
file:  /data/cmip5/rcp/rcp8.5/new_sit/sit_OImon_CNRM-CM5_rcp85_r1i1p1_210101-230012.nc r1i1p1
file:  /data/cmip5/rcp/rcp8.5/new_sit/sit_OImon_CNRM-CM5_rcp85_r2i1p1_200601-210012.nc r2i1p1
file:  /data/cmip5/rcp/rcp8.5/new_sit/sit_OImon_CNRM-CM5_rcp85_r4i1p1_200601-210012.nc r4i1p1
file:  /data/cmip5/rcp/rcp8.5/new_sit/sit_OImon_CNRM-CM5_rcp85_r6i1p1_200601-210012.nc r6i1p1
processing model  sit_OImon_CSIRO-Mk3-6-0
file:  /data/cmip5/rcp/rcp8.5/new_sit/sit_OImon_CSIRO-Mk3-6-0_rcp85_r10i1p1_200601-210012.nc r10i1p1
file:  /data/cmip5/rcp/rcp8.5/new_sit/sit_OImon_CSIRO-Mk3-6-0_rcp85_r1i1p1_200601-210012.nc r1i1p1
file:  /data/cmip5/rcp/rcp8.5/new_sit/sit_OImon_CSIRO-Mk3-6-0_rcp85_r1i1p1_210101-230012.nc r1i1p1
file:  /data/cmip5/rcp/rcp8.5/new_sit/sit_OImon_CSIRO-Mk3-6-0_rcp85_r2i1p1_200601-210012.nc r2i1p1
file:  /data/cmip5/rcp/rcp8.5/new_sit/sit_OImon_CSIRO-Mk3-6-0_rcp85_r2i1p1_210101-230012.nc r2i1p1
file:  /data/cmip5/rcp/rcp8.5/new_sit/sit_OImon_CSIRO-Mk3-6-0_rcp85_r3i1p1_200601-210012.nc r3i1p1
file:  /data/cmip5/rcp/rcp8.5/new_sit/sit_OImon_CSIRO-Mk3-6-0_rcp85_r3i1p1_210101-230012.nc r3i1p1
file:  /data/cmip5/rcp/rcp8.5/new_sit/sit_OImon_CSIRO-Mk3-6-0_rcp85_r4i1p1_200601-210012.nc r4i1p1
file:  /data/cmip5/rcp/rcp8.5/new_sit/sit_OImon_CSIRO-Mk3-6-0_rcp85_r5i1p1_200601-210012.nc r5i1p1
file:  /data/cmip5/rcp/rcp8.5/new_sit/sit_OImon_CSIRO-Mk3-6-0_rcp85_r6i1p1_200601-210012.nc r6i1p1
file:  /data/cmip5/rcp/rcp8.5/new_sit/sit_OImon_CSIRO-Mk3-6-0_rcp85_r7i1p1_200601-210012.nc r7i1p1
file:  /data/cmip5/rcp/rcp8.5/new_sit/sit_OImon_CSIRO-Mk3-6-0_rcp85_r8i1p1_200601-210012.nc r8i1p1
file:  /data/cmip5/rcp/rcp8.5/new_sit/sit_OImon_CSIRO-Mk3-6-0_rcp85_r9i1p1_200601-210012.nc r9i1p1
processing model  sit_OImon_FGOALS-g2
file:  /data/cmip5/rcp/rcp8.5/new_sit/sit_OImon_FGOALS-g2_rcp85_r1i1p1_200601-201512.nc r1i1p1
file:  /data/cmip5/rcp/rcp8.5/new_sit/sit_OImon_FGOALS-g2_rcp85_r1i1p1_201601-202512.nc r1i1p1
file:  /data/cmip5/rcp/rcp8.5/new_sit/sit_OImon_FGOALS-g2_rcp85_r1i1p1_202601-203512.nc r1i1p1
file:  /data/cmip5/rcp/rcp8.5/new_sit/sit_OImon_FGOALS-g2_rcp85_r1i1p1_203601-204512.nc r1i1p1
file:  /data/cmip5/rcp/rcp8.5/new_sit/sit_OImon_FGOALS-g2_rcp85_r1i1p1_204601-205512.nc r1i1p1
file:  /data/cmip5/rcp/rcp8.5/new_sit/sit_OImon_FGOALS-g2_rcp85_r1i1p1_205601-206512.nc r1i1p1
file:  /data/cmip5/rcp/rcp8.5/new_sit/sit_OImon_FGOALS-g2_rcp85_r1i1p1_206601-207512.nc r1i1p1
file:  /data/cmip5/rcp/rcp8.5/new_sit/sit_OImon_FGOALS-g2_rcp85_r1i1p1_207601-208512.nc r1i1p1
file:  /data/cmip5/rcp/rcp8.5/new_sit/sit_OImon_FGOALS-g2_rcp85_r1i1p1_208601-209512.nc r1i1p1
file:  /data/cmip5/rcp/rcp8.5/new_sit/sit_OImon_FGOALS-g2_rcp85_r1i1p1_209601-210112.nc r1i1p1
processing model  sit_OImon_GFDL-CM3
file:  /data/cmip5/rcp/rcp8.5/new_sit/sit_OImon_GFDL-CM3_rcp85_r1i1p1_200601-201012.nc r1i1p1
file:  /data/cmip5/rcp/rcp8.5/new_sit/sit_OImon_GFDL-CM3_rcp85_r1i1p1_201101-201512.nc r1i1p1
file:  /data/cmip5/rcp/rcp8.5/new_sit/sit_OImon_GFDL-CM3_rcp85_r1i1p1_201601-202012.nc r1i1p1
file:  /data/cmip5/rcp/rcp8.5/new_sit/sit_OImon_GFDL-CM3_rcp85_r1i1p1_202101-202512.nc r1i1p1
file:  /data/cmip5/rcp/rcp8.5/new_sit/sit_OImon_GFDL-CM3_rcp85_r1i1p1_202601-203012.nc r1i1p1
file:  /data/cmip5/rcp/rcp8.5/new_sit/sit_OImon_GFDL-CM3_rcp85_r1i1p1_203101-203512.nc r1i1p1
file:  /data/cmip5/rcp/rcp8.5/new_sit/sit_OImon_GFDL-CM3_rcp85_r1i1p1_203601-204012.nc r1i1p1
file:  /data/cmip5/rcp/rcp8.5/new_sit/sit_OImon_GFDL-CM3_rcp85_r1i1p1_204101-204512.nc r1i1p1
file:  /data/cmip5/rcp/rcp8.5/new_sit/sit_OImon_GFDL-CM3_rcp85_r1i1p1_204601-205012.nc r1i1p1
file:  /data/cmip5/rcp/rcp8.5/new_sit/sit_OImon_GFDL-CM3_rcp85_r1i1p1_205101-205512.nc r1i1p1
file:  /data/cmip5/rcp/rcp8.5/new_sit/sit_OImon_GFDL-CM3_rcp85_r1i1p1_205601-206012.nc r1i1p1
file:  /data/cmip5/rcp/rcp8.5/new_sit/sit_OImon_GFDL-CM3_rcp85_r1i1p1_206101-206512.nc r1i1p1
file:  /data/cmip5/rcp/rcp8.5/new_sit/sit_OImon_GFDL-CM3_rcp85_r1i1p1_206601-207012.nc r1i1p1
file:  /data/cmip5/rcp/rcp8.5/new_sit/sit_OImon_GFDL-CM3_rcp85_r1i1p1_207101-207512.nc r1i1p1
file:  /data/cmip5/rcp/rcp8.5/new_sit/sit_OImon_GFDL-CM3_rcp85_r1i1p1_207601-208012.nc r1i1p1
file:  /data/cmip5/rcp/rcp8.5/new_sit/sit_OImon_GFDL-CM3_rcp85_r1i1p1_208101-208512.nc r1i1p1
file:  /data/cmip5/rcp/rcp8.5/new_sit/sit_OImon_GFDL-CM3_rcp85_r1i1p1_208601-209012.nc r1i1p1
file:  /data/cmip5/rcp/rcp8.5/new_sit/sit_OImon_GFDL-CM3_rcp85_r1i1p1_209101-209512.nc r1i1p1
file:  /data/cmip5/rcp/rcp8.5/new_sit/sit_OImon_GFDL-CM3_rcp85_r1i1p1_209601-210012.nc r1i1p1
processing model  sit_OImon_GFDL-ESM2G
file:  /data/cmip5/rcp/rcp8.5/new_sit/sit_OImon_GFDL-ESM2G_rcp85_r1i1p1_200601-201012.nc r1i1p1
file:  /data/cmip5/rcp/rcp8.5/new_sit/sit_OImon_GFDL-ESM2G_rcp85_r1i1p1_201101-201512.nc r1i1p1
file:  /data/cmip5/rcp/rcp8.5/new_sit/sit_OImon_GFDL-ESM2G_rcp85_r1i1p1_201601-202012.nc r1i1p1
file:  /data/cmip5/rcp/rcp8.5/new_sit/sit_OImon_GFDL-ESM2G_rcp85_r1i1p1_202101-202512.nc r1i1p1
file:  /data/cmip5/rcp/rcp8.5/new_sit/sit_OImon_GFDL-ESM2G_rcp85_r1i1p1_202601-203012.nc r1i1p1
file:  /data/cmip5/rcp/rcp8.5/new_sit/sit_OImon_GFDL-ESM2G_rcp85_r1i1p1_203101-203512.nc r1i1p1
file:  /data/cmip5/rcp/rcp8.5/new_sit/sit_OImon_GFDL-ESM2G_rcp85_r1i1p1_203601-204012.nc r1i1p1
file:  /data/cmip5/rcp/rcp8.5/new_sit/sit_OImon_GFDL-ESM2G_rcp85_r1i1p1_204101-204512.nc r1i1p1
file:  /data/cmip5/rcp/rcp8.5/new_sit/sit_OImon_GFDL-ESM2G_rcp85_r1i1p1_204601-205012.nc r1i1p1
file:  /data/cmip5/rcp/rcp8.5/new_sit/sit_OImon_GFDL-ESM2G_rcp85_r1i1p1_205101-205512.nc r1i1p1
file:  /data/cmip5/rcp/rcp8.5/new_sit/sit_OImon_GFDL-ESM2G_rcp85_r1i1p1_205601-206012.nc r1i1p1
file:  /data/cmip5/rcp/rcp8.5/new_sit/sit_OImon_GFDL-ESM2G_rcp85_r1i1p1_206101-206512.nc r1i1p1
file:  /data/cmip5/rcp/rcp8.5/new_sit/sit_OImon_GFDL-ESM2G_rcp85_r1i1p1_206601-207012.nc r1i1p1
file:  /data/cmip5/rcp/rcp8.5/new_sit/sit_OImon_GFDL-ESM2G_rcp85_r1i1p1_207101-207512.nc r1i1p1
file:  /data/cmip5/rcp/rcp8.5/new_sit/sit_OImon_GFDL-ESM2G_rcp85_r1i1p1_207601-208012.nc r1i1p1
file:  /data/cmip5/rcp/rcp8.5/new_sit/sit_OImon_GFDL-ESM2G_rcp85_r1i1p1_208101-208512.nc r1i1p1
file:  /data/cmip5/rcp/rcp8.5/new_sit/sit_OImon_GFDL-ESM2G_rcp85_r1i1p1_208601-209012.nc r1i1p1
file:  /data/cmip5/rcp/rcp8.5/new_sit/sit_OImon_GFDL-ESM2G_rcp85_r1i1p1_209101-209512.nc r1i1p1
file:  /data/cmip5/rcp/rcp8.5/new_sit/sit_OImon_GFDL-ESM2G_rcp85_r1i1p1_209601-210012.nc r1i1p1
processing model  sit_OImon_GFDL-ESM2M
file:  /data/cmip5/rcp/rcp8.5/new_sit/sit_OImon_GFDL-ESM2M_rcp85_r1i1p1_200601-201012.nc r1i1p1
file:  /data/cmip5/rcp/rcp8.5/new_sit/sit_OImon_GFDL-ESM2M_rcp85_r1i1p1_201101-201512.nc r1i1p1
file:  /data/cmip5/rcp/rcp8.5/new_sit/sit_OImon_GFDL-ESM2M_rcp85_r1i1p1_201601-202012.nc r1i1p1
file:  /data/cmip5/rcp/rcp8.5/new_sit/sit_OImon_GFDL-ESM2M_rcp85_r1i1p1_202101-202512.nc r1i1p1
file:  /data/cmip5/rcp/rcp8.5/new_sit/sit_OImon_GFDL-ESM2M_rcp85_r1i1p1_202601-203012.nc r1i1p1
file:  /data/cmip5/rcp/rcp8.5/new_sit/sit_OImon_GFDL-ESM2M_rcp85_r1i1p1_203101-203512.nc r1i1p1
file:  /data/cmip5/rcp/rcp8.5/new_sit/sit_OImon_GFDL-ESM2M_rcp85_r1i1p1_203601-204012.nc r1i1p1
file:  /data/cmip5/rcp/rcp8.5/new_sit/sit_OImon_GFDL-ESM2M_rcp85_r1i1p1_204101-204512.nc r1i1p1
file:  /data/cmip5/rcp/rcp8.5/new_sit/sit_OImon_GFDL-ESM2M_rcp85_r1i1p1_204601-205012.nc r1i1p1
file:  /data/cmip5/rcp/rcp8.5/new_sit/sit_OImon_GFDL-ESM2M_rcp85_r1i1p1_205101-205512.nc r1i1p1
file:  /data/cmip5/rcp/rcp8.5/new_sit/sit_OImon_GFDL-ESM2M_rcp85_r1i1p1_205601-206012.nc r1i1p1
file:  /data/cmip5/rcp/rcp8.5/new_sit/sit_OImon_GFDL-ESM2M_rcp85_r1i1p1_206101-206512.nc r1i1p1
file:  /data/cmip5/rcp/rcp8.5/new_sit/sit_OImon_GFDL-ESM2M_rcp85_r1i1p1_206601-207012.nc r1i1p1
file:  /data/cmip5/rcp/rcp8.5/new_sit/sit_OImon_GFDL-ESM2M_rcp85_r1i1p1_207101-207512.nc r1i1p1
file:  /data/cmip5/rcp/rcp8.5/new_sit/sit_OImon_GFDL-ESM2M_rcp85_r1i1p1_207601-208012.nc r1i1p1
file:  /data/cmip5/rcp/rcp8.5/new_sit/sit_OImon_GFDL-ESM2M_rcp85_r1i1p1_208101-208512.nc r1i1p1
file:  /data/cmip5/rcp/rcp8.5/new_sit/sit_OImon_GFDL-ESM2M_rcp85_r1i1p1_208601-209012.nc r1i1p1
file:  /data/cmip5/rcp/rcp8.5/new_sit/sit_OImon_GFDL-ESM2M_rcp85_r1i1p1_209101-209512.nc r1i1p1
file:  /data/cmip5/rcp/rcp8.5/new_sit/sit_OImon_GFDL-ESM2M_rcp85_r1i1p1_209601-210012.nc r1i1p1
processing model  sit_OImon_GISS-E2-H
file:  /data/cmip5/rcp/rcp8.5/new_sit/sit_OImon_GISS-E2-H_rcp85_r1i1p3_210101-215012.nc r1i1p3
file:  /data/cmip5/rcp/rcp8.5/new_sit/sit_OImon_GISS-E2-H_rcp85_r1i1p3_215101-220012.nc r1i1p3
file:  /data/cmip5/rcp/rcp8.5/new_sit/sit_OImon_GISS-E2-H_rcp85_r1i1p3_220101-225012.nc r1i1p3
file:  /data/cmip5/rcp/rcp8.5/new_sit/sit_OImon_GISS-E2-H_rcp85_r1i1p3_225101-230012.nc r1i1p3
file:  /data/cmip5/rcp/rcp8.5/new_sit/sit_OImon_GISS-E2-H_rcp85_r1i1p1_200601-205012.nc r1i1p1
file:  /data/cmip5/rcp/rcp8.5/new_sit/sit_OImon_GISS-E2-H_rcp85_r1i1p1_205101-210012.nc r1i1p1
file:  /data/cmip5/rcp/rcp8.5/new_sit/sit_OImon_GISS-E2-H_rcp85_r1i1p1_210101-215012.nc r1i1p1
file:  /data/cmip5/rcp/rcp8.5/new_sit/sit_OImon_GISS-E2-H_rcp85_r1i1p1_215101-220012.nc r1i1p1
file:  /data/cmip5/rcp/rcp8.5/new_sit/sit_OImon_GISS-E2-H_rcp85_r1i1p1_220101-225012.nc r1i1p1
file:  /data/cmip5/rcp/rcp8.5/new_sit/sit_OImon_GISS-E2-H_rcp85_r1i1p1_225101-230012.nc r1i1p1
file:  /data/cmip5/rcp/rcp8.5/new_sit/sit_OImon_GISS-E2-H_rcp85_r1i1p2_200601-205012.nc r1i1p2
file:  /data/cmip5/rcp/rcp8.5/new_sit/sit_OImon_GISS-E2-H_rcp85_r1i1p2_205101-210012.nc r1i1p2
file:  /data/cmip5/rcp/rcp8.5/new_sit/sit_OImon_GISS-E2-H_rcp85_r1i1p2_210101-215012.nc r1i1p2
file:  /data/cmip5/rcp/rcp8.5/new_sit/sit_OImon_GISS-E2-H_rcp85_r1i1p2_215101-220012.nc r1i1p2
file:  /data/cmip5/rcp/rcp8.5/new_sit/sit_OImon_GISS-E2-H_rcp85_r1i1p2_220101-225012.nc r1i1p2
file:  /data/cmip5/rcp/rcp8.5/new_sit/sit_OImon_GISS-E2-H_rcp85_r1i1p2_225101-230012.nc r1i1p2
file:  /data/cmip5/rcp/rcp8.5/new_sit/sit_OImon_GISS-E2-H_rcp85_r1i1p3_200601-205012.nc r1i1p3
file:  /data/cmip5/rcp/rcp8.5/new_sit/sit_OImon_GISS-E2-H_rcp85_r1i1p3_205101-210012.nc r1i1p3
processing model  sit_OImon_GISS-E2-R
file:  /data/cmip5/rcp/rcp8.5/new_sit/sit_OImon_GISS-E2-R_rcp85_r1i1p1_200601-202512.nc r1i1p1
file:  /data/cmip5/rcp/rcp8.5/new_sit/sit_OImon_GISS-E2-R_rcp85_r1i1p1_202601-205012.nc r1i1p1
file:  /data/cmip5/rcp/rcp8.5/new_sit/sit_OImon_GISS-E2-R_rcp85_r1i1p1_205101-207512.nc r1i1p1
file:  /data/cmip5/rcp/rcp8.5/new_sit/sit_OImon_GISS-E2-R_rcp85_r1i1p1_207601-210012.nc r1i1p1
file:  /data/cmip5/rcp/rcp8.5/new_sit/sit_OImon_GISS-E2-R_rcp85_r1i1p1_210101-212512.nc r1i1p1
file:  /data/cmip5/rcp/rcp8.5/new_sit/sit_OImon_GISS-E2-R_rcp85_r1i1p1_212601-215012.nc r1i1p1
file:  /data/cmip5/rcp/rcp8.5/new_sit/sit_OImon_GISS-E2-R_rcp85_r1i1p1_215101-217512.nc r1i1p1
file:  /data/cmip5/rcp/rcp8.5/new_sit/sit_OImon_GISS-E2-R_rcp85_r1i1p1_217601-220012.nc r1i1p1
file:  /data/cmip5/rcp/rcp8.5/new_sit/sit_OImon_GISS-E2-R_rcp85_r1i1p1_220101-222512.nc r1i1p1
file:  /data/cmip5/rcp/rcp8.5/new_sit/sit_OImon_GISS-E2-R_rcp85_r1i1p1_222601-225012.nc r1i1p1
file:  /data/cmip5/rcp/rcp8.5/new_sit/sit_OImon_GISS-E2-R_rcp85_r1i1p1_225101-227512.nc r1i1p1
file:  /data/cmip5/rcp/rcp8.5/new_sit/sit_OImon_GISS-E2-R_rcp85_r1i1p1_227601-230012.nc r1i1p1
file:  /data/cmip5/rcp/rcp8.5/new_sit/sit_OImon_GISS-E2-R_rcp85_r1i1p2_200601-202512.nc r1i1p2
file:  /data/cmip5/rcp/rcp8.5/new_sit/sit_OImon_GISS-E2-R_rcp85_r1i1p2_202601-205012.nc r1i1p2
file:  /data/cmip5/rcp/rcp8.5/new_sit/sit_OImon_GISS-E2-R_rcp85_r1i1p2_205101-207512.nc r1i1p2
file:  /data/cmip5/rcp/rcp8.5/new_sit/sit_OImon_GISS-E2-R_rcp85_r1i1p2_207601-210012.nc r1i1p2
file:  /data/cmip5/rcp/rcp8.5/new_sit/sit_OImon_GISS-E2-R_rcp85_r1i1p2_210101-212512.nc r1i1p2
file:  /data/cmip5/rcp/rcp8.5/new_sit/sit_OImon_GISS-E2-R_rcp85_r1i1p2_212601-215012.nc r1i1p2
file:  /data/cmip5/rcp/rcp8.5/new_sit/sit_OImon_GISS-E2-R_rcp85_r1i1p2_215101-217512.nc r1i1p2
file:  /data/cmip5/rcp/rcp8.5/new_sit/sit_OImon_GISS-E2-R_rcp85_r1i1p2_217601-220012.nc r1i1p2
file:  /data/cmip5/rcp/rcp8.5/new_sit/sit_OImon_GISS-E2-R_rcp85_r1i1p2_220101-222512.nc r1i1p2
file:  /data/cmip5/rcp/rcp8.5/new_sit/sit_OImon_GISS-E2-R_rcp85_r1i1p2_222601-225012.nc r1i1p2
file:  /data/cmip5/rcp/rcp8.5/new_sit/sit_OImon_GISS-E2-R_rcp85_r1i1p2_225101-227512.nc r1i1p2
file:  /data/cmip5/rcp/rcp8.5/new_sit/sit_OImon_GISS-E2-R_rcp85_r1i1p2_227601-230012.nc r1i1p2
file:  /data/cmip5/rcp/rcp8.5/new_sit/sit_OImon_GISS-E2-R_rcp85_r1i1p3_200601-202512.nc r1i1p3
file:  /data/cmip5/rcp/rcp8.5/new_sit/sit_OImon_GISS-E2-R_rcp85_r1i1p3_202601-205012.nc r1i1p3
file:  /data/cmip5/rcp/rcp8.5/new_sit/sit_OImon_GISS-E2-R_rcp85_r1i1p3_205101-207512.nc r1i1p3
file:  /data/cmip5/rcp/rcp8.5/new_sit/sit_OImon_GISS-E2-R_rcp85_r1i1p3_207601-210012.nc r1i1p3
file:  /data/cmip5/rcp/rcp8.5/new_sit/sit_OImon_GISS-E2-R_rcp85_r1i1p3_210101-212512.nc r1i1p3
file:  /data/cmip5/rcp/rcp8.5/new_sit/sit_OImon_GISS-E2-R_rcp85_r1i1p3_212601-215012.nc r1i1p3
file:  /data/cmip5/rcp/rcp8.5/new_sit/sit_OImon_GISS-E2-R_rcp85_r1i1p3_215101-217512.nc r1i1p3
file:  /data/cmip5/rcp/rcp8.5/new_sit/sit_OImon_GISS-E2-R_rcp85_r1i1p3_217601-220012.nc r1i1p3
file:  /data/cmip5/rcp/rcp8.5/new_sit/sit_OImon_GISS-E2-R_rcp85_r1i1p3_220101-222512.nc r1i1p3
file:  /data/cmip5/rcp/rcp8.5/new_sit/sit_OImon_GISS-E2-R_rcp85_r1i1p3_222601-225012.nc r1i1p3
file:  /data/cmip5/rcp/rcp8.5/new_sit/sit_OImon_GISS-E2-R_rcp85_r1i1p3_225101-227512.nc r1i1p3
file:  /data/cmip5/rcp/rcp8.5/new_sit/sit_OImon_GISS-E2-R_rcp85_r1i1p3_227601-230012.nc r1i1p3
processing model  sit_OImon_HadGEM2-CC
file:  /data/cmip5/rcp/rcp8.5/new_sit/sit_OImon_HadGEM2-CC_rcp85_r1i1p1_200512-209911.nc r1i1p1
file:  /data/cmip5/rcp/rcp8.5/new_sit/sit_OImon_HadGEM2-CC_rcp85_r1i1p1_209912-209912.nc r1i1p1
file:  /data/cmip5/rcp/rcp8.5/new_sit/sit_OImon_HadGEM2-CC_rcp85_r1i1p1_209912-210012.nc r1i1p1
file:  /data/cmip5/rcp/rcp8.5/new_sit/sit_OImon_HadGEM2-CC_rcp85_r2i1p1_200512-209911.nc r2i1p1
file:  /data/cmip5/rcp/rcp8.5/new_sit/sit_OImon_HadGEM2-CC_rcp85_r3i1p1_200512-209911.nc r3i1p1
processing model  sit_OImon_HadGEM2-ES
file:  /data/cmip5/rcp/rcp8.5/new_sit/sit_OImon_HadGEM2-ES_rcp85_r1i1p1_200512-209912.nc r1i1p1
file:  /data/cmip5/rcp/rcp8.5/new_sit/sit_OImon_HadGEM2-ES_rcp85_r1i1p1_209912-219911.nc r1i1p1
file:  /data/cmip5/rcp/rcp8.5/new_sit/sit_OImon_HadGEM2-ES_rcp85_r1i1p1_219912-229911.nc r1i1p1
file:  /data/cmip5/rcp/rcp8.5/new_sit/sit_OImon_HadGEM2-ES_rcp85_r1i1p1_229912-229912.nc r1i1p1
file:  /data/cmip5/rcp/rcp8.5/new_sit/sit_OImon_HadGEM2-ES_rcp85_r2i1p1_200512-210012.nc r2i1p1
file:  /data/cmip5/rcp/rcp8.5/new_sit/sit_OImon_HadGEM2-ES_rcp85_r3i1p1_200512-210012.nc r3i1p1
file:  /data/cmip5/rcp/rcp8.5/new_sit/sit_OImon_HadGEM2-ES_rcp85_r4i1p1_200512-210012.nc r4i1p1
processing model  sit_OImon_inmcm4
file:  /data/cmip5/rcp/rcp8.5/new_sit/sit_OImon_inmcm4_rcp85_r1i1p1_200601-210012.nc r1i1p1
processing model  sit_OImon_IPSL-CM5A-MR
file:  /data/cmip5/rcp/rcp8.5/new_sit/sit_OImon_IPSL-CM5A-MR_rcp85_r1i1p1_200601-210012.nc r1i1p1
processing model  sit_OImon_IPSL-CM5B-LR
file:  /data/cmip5/rcp/rcp8.5/new_sit/sit_OImon_IPSL-CM5B-LR_rcp85_r1i1p1_200601-210012.nc r1i1p1
processing model  sit_OImon_MIROC5_
file:  /data/cmip5/rcp/rcp8.5/new_sit/sit_OImon_MIROC5_rcp85_r1i1p1_200601-210012.nc r1i1p1
file:  /data/cmip5/rcp/rcp8.5/new_sit/sit_OImon_MIROC5_rcp85_r2i1p1_200601-210012.nc r2i1p1
file:  /data/cmip5/rcp/rcp8.5/new_sit/sit_OImon_MIROC5_rcp85_r3i1p1_200601-210012.nc r3i1p1
processing model  sit_OImon_MIROC-ESM_
file:  /data/cmip5/rcp/rcp8.5/new_sit/sit_OImon_MIROC-ESM_rcp85_r1i1p1_200601-210012.nc r1i1p1
processing model  sit_OImon_MIROC-ESM-CHEM_
file:  /data/cmip5/rcp/rcp8.5/new_sit/sit_OImon_MIROC-ESM-CHEM_rcp85_r1i1p1_200601-210012.nc r1i1p1
processing model  sit_OImon_MPI-ESM-LR
file:  /data/cmip5/rcp/rcp8.5/new_sit/sit_OImon_MPI-ESM-LR_rcp85_r1i1p1_200601-210012.nc r1i1p1
file:  /data/cmip5/rcp/rcp8.5/new_sit/sit_OImon_MPI-ESM-LR_rcp85_r1i1p1_210101-230012.nc r1i1p1
file:  /data/cmip5/rcp/rcp8.5/new_sit/sit_OImon_MPI-ESM-LR_rcp85_r2i1p1_200601-210012.nc r2i1p1
file:  /data/cmip5/rcp/rcp8.5/new_sit/sit_OImon_MPI-ESM-LR_rcp85_r3i1p1_200601-210012.nc r3i1p1
processing model  sit_OImon_MPI-ESM-MR
file:  /data/cmip5/rcp/rcp8.5/new_sit/sit_OImon_MPI-ESM-MR_rcp85_r1i1p1_200601-210012.nc r1i1p1
processing model  sit_OImon_MRI-CGCM3
file:  /data/cmip5/rcp/rcp8.5/new_sit/sit_OImon_MRI-CGCM3_rcp85_r1i1p1_200601-210012.nc r1i1p1
processing model  sit_OImon_NorESM1-M_
file:  /data/cmip5/rcp/rcp8.5/new_sit/sit_OImon_NorESM1-M_rcp85_r1i1p1_200601-210012.nc r1i1p1
processing model  sit_OImon_NorESM1-ME
file:  /data/cmip5/rcp/rcp8.5/new_sit/sit_OImon_NorESM1-ME_rcp85_r1i1p1_200601-204412.nc r1i1p1
file:  /data/cmip5/rcp/rcp8.5/new_sit/sit_OImon_NorESM1-ME_rcp85_r1i1p1_204501-210012.nc r1i1p1
processing model  sit_OImon_SP-CCSM4
file:  /data/cmip5/rcp/rcp8.5/new_sit/sit_OImon_SP-CCSM4_rcp85_r1i1p1_200601-210012.nc r1i1p1
